<?xml version="1.0" encoding="UTF-8"?>
<!-- Generated by org.testng.reporters.JUnitXMLReporter -->
<testsuite ignored="0" hostname="DESKTOP-SQ1O5FT" failures="1" tests="3" name="Error Validations Test" time="33.386" errors="0" timestamp="2024-06-22T09:33:40 IST">
  <testcase classname="tamishrasenapati.tests.ErrorValidationsTest" name="loginErrorValidation" time="0.808">
    <skipped/>
  </testcase> <!-- loginErrorValidation -->
  <testcase classname="tamishrasenapati.tests.ErrorValidationsTest" name="loginErrorValidation" time="1.124">
    <failure type="java.lang.AssertionError" message="expected [Incorrect email or password.] but found [Incorrect email  password.]">
      <![CDATA[java.lang.AssertionError: expected [Incorrect email or password.] but found [Incorrect email  password.]
at tamishrasenapati.tests.ErrorValidationsTest.loginErrorValidation(ErrorValidationsTest.java:22)
at java.base/java.util.ArrayList.forEach(ArrayList.java:1511)
at java.base/java.util.concurrent.FutureTask.run(FutureTask.java:264)
at java.base/java.util.concurrent.ThreadPoolExecutor.runWorker(ThreadPoolExecutor.java:1136)
at java.base/java.util.concurrent.ThreadPoolExecutor$Worker.run(ThreadPoolExecutor.java:635)
at java.base/java.lang.Thread.run(Thread.java:833)
... Removed 23 stack frames]]>
    </failure>
  </testcase> <!-- loginErrorValidation -->
  <testcase classname="tamishrasenapati.tests.ErrorValidationsTest" name="orderErrorValidation" time="14.032"/>
</testsuite> <!-- Error Validations Test -->
